<?xml version="1.0" encoding="UTF-8"?>
<testsuite xmlns:xsi="http://www.w3.org/2001/XMLSchema-instance" xsi:noNamespaceSchemaLocation="https://maven.apache.org/surefire/maven-surefire-plugin/xsd/surefire-test-report.xsd" name="com.example.junit.service.UserServiceTest" time="0.151" tests="15" errors="0" skipped="1" failures="0">
  <properties>
    <property name="java.specification.version" value="17"/>
    <property name="sun.jnu.encoding" value="UTF-8"/>
    <property name="java.class.path" value="/home/alex/work/samples/java/junit-app/target/test-classes:/home/alex/work/samples/java/junit-app/target/classes:/home/alex/.m2/repository/org/junit/jupiter/junit-jupiter-engine/5.8.2/junit-jupiter-engine-5.8.2.jar:/home/alex/.m2/repository/org/junit/platform/junit-platform-engine/1.8.2/junit-platform-engine-1.8.2.jar:/home/alex/.m2/repository/org/opentest4j/opentest4j/1.2.0/opentest4j-1.2.0.jar:/home/alex/.m2/repository/org/junit/platform/junit-platform-commons/1.8.2/junit-platform-commons-1.8.2.jar:/home/alex/.m2/repository/org/junit/jupiter/junit-jupiter-api/5.8.2/junit-jupiter-api-5.8.2.jar:/home/alex/.m2/repository/org/apiguardian/apiguardian-api/1.1.2/apiguardian-api-1.1.2.jar:/home/alex/.m2/repository/org/junit/jupiter/junit-jupiter-params/5.8.2/junit-jupiter-params-5.8.2.jar:/home/alex/.m2/repository/org/projectlombok/lombok/1.18.22/lombok-1.18.22.jar:/home/alex/.m2/repository/org/assertj/assertj-core/3.21.0/assertj-core-3.21.0.jar:/home/alex/.m2/repository/org/junit/platform/junit-platform-launcher/1.8.2/junit-platform-launcher-1.8.2.jar:"/>
    <property name="java.vm.vendor" value="Oracle Corporation"/>
    <property name="sun.arch.data.model" value="64"/>
    <property name="java.vendor.url" value="https://java.oracle.com/"/>
    <property name="os.name" value="Linux"/>
    <property name="java.vm.specification.version" value="17"/>
    <property name="sun.java.launcher" value="SUN_STANDARD"/>
    <property name="user.country" value="US"/>
    <property name="sun.boot.library.path" value="/home/alex/.jdks/openjdk-17.0.2/lib"/>
    <property name="sun.java.command" value="/home/alex/work/samples/java/junit-app/target/surefire/surefirebooter7101274848551627000.jar /home/alex/work/samples/java/junit-app/target/surefire 2022-02-07T18-58-27_057-jvmRun1 surefire3874789028638535305tmp surefire_014902034086950578917tmp"/>
    <property name="jdk.debug" value="release"/>
    <property name="surefire.test.class.path" value="/home/alex/work/samples/java/junit-app/target/test-classes:/home/alex/work/samples/java/junit-app/target/classes:/home/alex/.m2/repository/org/junit/jupiter/junit-jupiter-engine/5.8.2/junit-jupiter-engine-5.8.2.jar:/home/alex/.m2/repository/org/junit/platform/junit-platform-engine/1.8.2/junit-platform-engine-1.8.2.jar:/home/alex/.m2/repository/org/opentest4j/opentest4j/1.2.0/opentest4j-1.2.0.jar:/home/alex/.m2/repository/org/junit/platform/junit-platform-commons/1.8.2/junit-platform-commons-1.8.2.jar:/home/alex/.m2/repository/org/junit/jupiter/junit-jupiter-api/5.8.2/junit-jupiter-api-5.8.2.jar:/home/alex/.m2/repository/org/apiguardian/apiguardian-api/1.1.2/apiguardian-api-1.1.2.jar:/home/alex/.m2/repository/org/junit/jupiter/junit-jupiter-params/5.8.2/junit-jupiter-params-5.8.2.jar:/home/alex/.m2/repository/org/projectlombok/lombok/1.18.22/lombok-1.18.22.jar:/home/alex/.m2/repository/org/assertj/assertj-core/3.21.0/assertj-core-3.21.0.jar:/home/alex/.m2/repository/org/junit/platform/junit-platform-launcher/1.8.2/junit-platform-launcher-1.8.2.jar:"/>
    <property name="sun.cpu.endian" value="little"/>
    <property name="user.home" value="/home/alex"/>
    <property name="user.language" value="en"/>
    <property name="java.specification.vendor" value="Oracle Corporation"/>
    <property name="java.version.date" value="2022-01-18"/>
    <property name="java.home" value="/home/alex/.jdks/openjdk-17.0.2"/>
    <property name="file.separator" value="/"/>
    <property name="basedir" value="/home/alex/work/samples/java/junit-app"/>
    <property name="java.vm.compressedOopsMode" value="Zero based"/>
    <property name="line.separator" value="&#10;"/>
    <property name="java.vm.specification.vendor" value="Oracle Corporation"/>
    <property name="java.specification.name" value="Java Platform API Specification"/>
    <property name="surefire.real.class.path" value="/home/alex/work/samples/java/junit-app/target/surefire/surefirebooter7101274848551627000.jar"/>
    <property name="sun.management.compiler" value="HotSpot 64-Bit Tiered Compilers"/>
    <property name="java.runtime.version" value="17.0.2+8-86"/>
    <property name="user.name" value="alex"/>
    <property name="path.separator" value=":"/>
    <property name="os.version" value="5.13.0-27-generic"/>
    <property name="java.runtime.name" value="OpenJDK Runtime Environment"/>
    <property name="file.encoding" value="UTF-8"/>
    <property name="java.vm.name" value="OpenJDK 64-Bit Server VM"/>
    <property name="localRepository" value="/home/alex/.m2/repository"/>
    <property name="java.vendor.url.bug" value="https://bugreport.java.com/bugreport/"/>
    <property name="java.io.tmpdir" value="/tmp"/>
    <property name="idea.version" value="2021.3.1"/>
    <property name="java.version" value="17.0.2"/>
    <property name="user.dir" value="/home/alex/work/samples/java/junit-app"/>
    <property name="os.arch" value="amd64"/>
    <property name="java.vm.specification.name" value="Java Virtual Machine Specification"/>
    <property name="native.encoding" value="UTF-8"/>
    <property name="java.library.path" value="/usr/java/packages/lib:/usr/lib64:/lib64:/lib:/usr/lib"/>
    <property name="java.vm.info" value="mixed mode, sharing"/>
    <property name="java.vendor" value="Oracle Corporation"/>
    <property name="java.vm.version" value="17.0.2+8-86"/>
    <property name="sun.io.unicode.encoding" value="UnicodeLittle"/>
    <property name="java.class.version" value="61.0"/>
  </properties>
  <testcase name="usersSizeIfUserAdded" classname="com.example.junit.service.UserServiceTest" time="0.051"/>
  <testcase name="usersConvertedToMapById" classname="com.example.junit.service.UserServiceTest" time="0.007"/>
  <testcase name="usersEmptyIfNoUserAdded" classname="com.example.junit.service.UserServiceTest" time="0.002"/>
  <testcase name="loginSuccessIfUserExists" classname="com.example.junit.service.UserServiceTest$LoginTest" time="0.004"/>
  <testcase name="logicFailIfPasswordIsNotCorrect" classname="com.example.junit.service.UserServiceTest$LoginTest" time="0">
    <skipped message="www"/>
  </testcase>
  <testcase name="logicFailIfUserDoesNotExist[1]" classname="com.example.junit.service.UserServiceTest$LoginTest" time="0.002"/>
  <testcase name="logicFailIfUserDoesNotExist[2]" classname="com.example.junit.service.UserServiceTest$LoginTest" time="0.001"/>
  <testcase name="logicFailIfUserDoesNotExist[3]" classname="com.example.junit.service.UserServiceTest$LoginTest" time="0.002"/>
  <testcase name="logicFailIfUserDoesNotExist[4]" classname="com.example.junit.service.UserServiceTest$LoginTest" time="0.002"/>
  <testcase name="logicFailIfUserDoesNotExist[5]" classname="com.example.junit.service.UserServiceTest$LoginTest" time="0.001"/>
  <testcase name="throwExceptionIfUsernameOrPasswordIsNull" classname="com.example.junit.service.UserServiceTest$LoginTest" time="0.005"/>
  <testcase name="loginParameterizedTest{String, String, Optional}[1]" classname="com.example.junit.service.UserServiceTest$LoginTest" time="0.013"/>
  <testcase name="loginParameterizedTest{String, String, Optional}[2]" classname="com.example.junit.service.UserServiceTest$LoginTest" time="0.001"/>
  <testcase name="loginParameterizedTest{String, String, Optional}[3]" classname="com.example.junit.service.UserServiceTest$LoginTest" time="0.001"/>
  <testcase name="loginParameterizedTest{String, String, Optional}[4]" classname="com.example.junit.service.UserServiceTest$LoginTest" time="0.001"/>
</testsuite>